  Building Custom Rule C:/Users/Gorkem/Desktop/AI_Art_Generator/CMakeLists.txt
  Compiling CUDA source file ..\AI_Art_Generator\main.cu...
  
  C:\Users\Gorkem\Desktop\AI_Art_Generator\build>"C:\Program Files\NVIDIA GPU Computing Toolkit\CUDA\v12.3\bin\nvcc.exe"  --use-local-env -ccbin "C:\Program Files\Microsoft Visual Studio\2022\Community\VC\Tools\MSVC\14.38.33130\bin\HostX64\x64" -x cu -rdc=true  -IC:\Users\Gorkem\Desktop\AI_Art_Generator -I"C:\Program Files\NVIDIA GPU Computing Toolkit\CUDA\v12.3\include"     --keep-dir x64\Debug  -maxrregcount=0   --machine 64 --compile -cudart static -std=c++17 --generate-code=arch=compute_75,code=[compute_75,sm_75] -Xcudafe --diag_suppress=esa_on_defaulted_function_ignored --expt-relaxed-constexpr -Xcompiler="/EHsc -Zi -Ob0" -g  -D_WINDOWS -D"CMAKE_INTDIR=\"Debug\"" -D_MBCS -D"CMAKE_INTDIR=\"Debug\"" -Xcompiler "/EHsc /W1 /nologo /Od /FS /Zi /RTC1 /MDd /GR" -Xcompiler "/FdAI_Art_Generator.dir\Debug\vc143.pdb" -o AI_Art_Generator.dir\Debug\main.obj "C:\Users\Gorkem\Desktop\AI_Art_Generator\AI_Art_Generator\main.cu" 
  main.cu
  tmpxft_000032b8_00000000-7_main.cudafe1.cpp
  
  C:\Users\Gorkem\Desktop\AI_Art_Generator\build>"C:\Program Files\NVIDIA GPU Computing Toolkit\CUDA\v12.3\bin\nvcc.exe" -dlink  -o AI_Art_Generator.dir\Debug\AI_Art_Generator.device-link.obj -Xcompiler "/EHsc /W1 /nologo /Od /Zi /RTC1 /MDd /GR" -Xcompiler "/FdAI_Art_Generator.dir\Debug\vc143.pdb" -L"C:\Program Files\NVIDIA GPU Computing Toolkit\CUDA\v12.3\bin/crt" -L"C:\Program Files\NVIDIA GPU Computing Toolkit\CUDA\v12.3\lib\x64" cudadevrt.lib cudart_static.lib kernel32.lib user32.lib gdi32.lib winspool.lib shell32.lib ole32.lib oleaut32.lib uuid.lib comdlg32.lib advapi32.lib -forward-unknown-to-host-compiler -Wno-deprecated-gpu-targets -D_WINDOWS -Xcompiler=" /GR /EHsc" -Xcompiler=" -Zi -Ob0 -Od /RTC1" "--generate-code=arch=compute_75,code=[compute_75,sm_75]" -Xcompiler=-MDd    AI_Art_Generator.dir\Debug\main.obj 
  cudadevrt.lib
  cudart_static.lib
  kernel32.lib
  user32.lib
  gdi32.lib
  winspool.lib
  shell32.lib
  ole32.lib
  oleaut32.lib
  uuid.lib
  comdlg32.lib
  advapi32.lib
  main.obj
     Creating library C:/Users/Gorkem/Desktop/AI_Art_Generator/build/Debug/AI_Art_Generator.lib and object C:/Users/Gorkem/Desktop/AI_Art_Generator/build/Debug/AI_Art_Generator.exp
LINK : warning LNK4098: defaultlib 'LIBCMT' conflicts with use of other libs; use /NODEFAULTLIB:library
  AI_Art_Generator.vcxproj -> C:\Users\Gorkem\Desktop\AI_Art_Generator\build\Debug\AI_Art_Generator.exe
